<?xml version="1.0" encoding="UTF-8"?>
<!-- Generated by org.testng.reporters.JUnitReportReporter -->
<testsuite skipped="0" hostname="LAPTOP-79I7ALJG" name="Practice" tests="1" failures="0" timestamp="25 Nov 2019 17:55:24 GMT" time="3.033" errors="0">
  <testcase name="sample" time="3.033" classname="Practice"/>
</testsuite> <!-- Practice -->
